This file contains any messages produced by compilers while
running configure, to aid debugging if configure makes a mistake.

It was created by audiowmark configure 0.6.1, which was
generated by GNU Autoconf 2.71.  Invocation command line was

  $ ./configure --with-libgcrypt-prefix=/home/ykuta/project/wm_prebuilt

## --------- ##
## Platform. ##
## --------- ##

hostname = localhost.localdomain
uname -m = x86_64
uname -r = 3.10.0-1160.80.1.el7.x86_64
uname -s = Linux
uname -v = #1 SMP Tue Nov 8 15:48:59 UTC 2022

/usr/bin/uname -p = x86_64
/bin/uname -X     = unknown

/bin/arch              = x86_64
/usr/bin/arch -k       = unknown
/usr/convex/getsysinfo = unknown
/usr/bin/hostinfo      = unknown
/bin/machine           = unknown
/usr/bin/oslevel       = unknown
/bin/universe          = unknown

PATH: /usr/local/bin/
PATH: /usr/local/sbin/
PATH: /usr/bin/
PATH: /usr/sbin/
PATH: /bin/
PATH: /sbin/
PATH: /var/lib/snapd/snap/bin/
PATH: /home/ykuta/.local/bin/
PATH: /home/ykuta/bin/


## ----------- ##
## Core tests. ##
## ----------- ##

configure:2766: looking for aux files: compile config.guess config.sub ltmain.sh missing install-sh
configure:2779:  trying ./build-aux/
configure:2808:   ./build-aux/compile found
configure:2808:   ./build-aux/config.guess found
configure:2808:   ./build-aux/config.sub found
configure:2808:   ./build-aux/ltmain.sh found
configure:2808:   ./build-aux/missing found
configure:2790:   ./build-aux/install-sh found
configure:2942: checking for a BSD-compatible install
configure:3015: result: /usr/bin/install -c
configure:3026: checking whether build environment is sane
configure:3081: result: yes
configure:3240: checking for a race-free mkdir -p
configure:3284: result: /usr/bin/mkdir -p
configure:3291: checking for gawk
configure:3312: found /usr/bin/gawk
configure:3323: result: gawk
configure:3334: checking whether make sets $(MAKE)
configure:3357: result: yes
configure:3387: checking whether make supports nested variables
configure:3405: result: yes
configure:3610: checking for g++
configure:3631: found /usr/local/bin/g++
configure:3642: result: g++
configure:3669: checking for C++ compiler version
configure:3678: g++ --version >&5
g++ (GCC) 10.2.0
Copyright (C) 2020 Free Software Foundation, Inc.
This is free software; see the source for copying conditions.  There is NO
warranty; not even for MERCHANTABILITY or FITNESS FOR A PARTICULAR PURPOSE.

configure:3689: $? = 0
configure:3678: g++ -v >&5
Using built-in specs.
COLLECT_GCC=g++
COLLECT_LTO_WRAPPER=/usr/local/libexec/gcc/x86_64-pc-linux-gnu/10.2.0/lto-wrapper
Target: x86_64-pc-linux-gnu
Configured with: ./configure --disable-multilib --enable-languages=c,c++
Thread model: posix
Supported LTO compression algorithms: zlib
gcc version 10.2.0 (GCC) 
configure:3689: $? = 0
configure:3678: g++ -V >&5
g++: error: unrecognized command-line option '-V'
g++: fatal error: no input files
compilation terminated.
configure:3689: $? = 1
configure:3678: g++ -qversion >&5
g++: error: unrecognized command-line option '-qversion'; did you mean '--version'?
g++: fatal error: no input files
compilation terminated.
configure:3689: $? = 1
configure:3709: checking whether the C++ compiler works
configure:3731: g++    conftest.cpp  >&5
configure:3735: $? = 0
configure:3785: result: yes
configure:3788: checking for C++ compiler default output file name
configure:3790: result: a.out
configure:3796: checking for suffix of executables
configure:3803: g++ -o conftest    conftest.cpp  >&5
configure:3807: $? = 0
configure:3830: result: 
configure:3852: checking whether we are cross compiling
configure:3860: g++ -o conftest    conftest.cpp  >&5
configure:3864: $? = 0
configure:3871: ./conftest
configure:3875: $? = 0
configure:3890: result: no
configure:3895: checking for suffix of object files
configure:3918: g++ -c   conftest.cpp >&5
configure:3922: $? = 0
configure:3944: result: o
configure:3948: checking whether the compiler supports GNU C++
configure:3968: g++ -c   conftest.cpp >&5
configure:3968: $? = 0
configure:3978: result: yes
configure:3989: checking whether g++ accepts -g
configure:4010: g++ -c -g  conftest.cpp >&5
configure:4010: $? = 0
configure:4054: result: yes
configure:4074: checking for g++ option to enable C++11 features
configure:4089: g++  -c -g -O2  conftest.cpp >&5
configure:4089: $? = 0
configure:4107: result: none needed
configure:4174: checking whether make supports the include directive
configure:4189: make -f confmf.GNU && cat confinc.out
this is the am__doit target
configure:4192: $? = 0
configure:4211: result: yes (GNU style)
configure:4237: checking dependency style of g++
configure:4349: result: gcc3
configure:4396: checking build system type
configure:4411: result: x86_64-pc-linux-gnu
configure:4431: checking host system type
configure:4445: result: x86_64-pc-linux-gnu
configure:4486: checking how to print strings
configure:4513: result: printf
configure:4596: checking for gcc
configure:4617: found /usr/local/bin/gcc
configure:4628: result: gcc
configure:4981: checking for C compiler version
configure:4990: gcc --version >&5
gcc (GCC) 10.2.0
Copyright (C) 2020 Free Software Foundation, Inc.
This is free software; see the source for copying conditions.  There is NO
warranty; not even for MERCHANTABILITY or FITNESS FOR A PARTICULAR PURPOSE.

configure:5001: $? = 0
configure:4990: gcc -v >&5
Using built-in specs.
COLLECT_GCC=gcc
COLLECT_LTO_WRAPPER=/usr/local/libexec/gcc/x86_64-pc-linux-gnu/10.2.0/lto-wrapper
Target: x86_64-pc-linux-gnu
Configured with: ./configure --disable-multilib --enable-languages=c,c++
Thread model: posix
Supported LTO compression algorithms: zlib
gcc version 10.2.0 (GCC) 
configure:5001: $? = 0
configure:4990: gcc -V >&5
gcc: error: unrecognized command-line option '-V'
gcc: fatal error: no input files
compilation terminated.
configure:5001: $? = 1
configure:4990: gcc -qversion >&5
gcc: error: unrecognized command-line option '-qversion'; did you mean '--version'?
gcc: fatal error: no input files
compilation terminated.
configure:5001: $? = 1
configure:4990: gcc -version >&5
gcc: error: unrecognized command-line option '-version'
gcc: fatal error: no input files
compilation terminated.
configure:5001: $? = 1
configure:5005: checking whether the compiler supports GNU C
configure:5025: gcc -c   conftest.c >&5
configure:5025: $? = 0
configure:5035: result: yes
configure:5046: checking whether gcc accepts -g
configure:5067: gcc -c -g  conftest.c >&5
configure:5067: $? = 0
configure:5111: result: yes
configure:5131: checking for gcc option to enable C11 features
configure:5146: gcc  -c -g -O2  conftest.c >&5
configure:5146: $? = 0
configure:5164: result: none needed
configure:5280: checking whether gcc understands -c and -o together
configure:5303: gcc -c conftest.c -o conftest2.o
configure:5306: $? = 0
configure:5303: gcc -c conftest.c -o conftest2.o
configure:5306: $? = 0
configure:5318: result: yes
configure:5337: checking dependency style of gcc
configure:5449: result: gcc3
configure:5464: checking for a sed that does not truncate output
configure:5534: result: /usr/bin/sed
configure:5552: checking for grep that handles long lines and -e
configure:5616: result: /usr/bin/grep
configure:5621: checking for egrep
configure:5689: result: /usr/bin/grep -E
configure:5694: checking for fgrep
configure:5762: result: /usr/bin/grep -F
configure:5798: checking for ld used by gcc
configure:5866: result: /usr/bin/ld
configure:5873: checking if the linker (/usr/bin/ld) is GNU ld
configure:5889: result: yes
configure:5901: checking for BSD- or MS-compatible name lister (nm)
configure:5956: result: /usr/bin/nm -B
configure:6096: checking the name lister (/usr/bin/nm -B) interface
configure:6104: gcc -c -g -O2  conftest.c >&5
configure:6107: /usr/bin/nm -B "conftest.o"
configure:6110: output
0000000000000000 B some_variable
configure:6117: result: BSD nm
configure:6120: checking whether ln -s works
configure:6124: result: yes
configure:6132: checking the maximum length of command line arguments
configure:6264: result: 1572864
configure:6312: checking how to convert x86_64-pc-linux-gnu file names to x86_64-pc-linux-gnu format
configure:6353: result: func_convert_file_noop
configure:6360: checking how to convert x86_64-pc-linux-gnu file names to toolchain format
configure:6381: result: func_convert_file_noop
configure:6388: checking for /usr/bin/ld option to reload object files
configure:6396: result: -r
configure:6475: checking for objdump
configure:6496: found /usr/bin/objdump
configure:6507: result: objdump
configure:6539: checking how to recognize dependent libraries
configure:6740: result: pass_all
configure:6830: checking for dlltool
configure:6865: result: no
configure:6895: checking how to associate runtime and link libraries
configure:6923: result: printf %s\n
configure:6989: checking for ar
configure:7010: found /usr/bin/ar
configure:7021: result: ar
configure:7058: checking for archiver @FILE support
configure:7076: gcc -c -g -O2  conftest.c >&5
configure:7076: $? = 0
configure:7080: ar cr libconftest.a @conftest.lst >&5
configure:7083: $? = 0
configure:7088: ar cr libconftest.a @conftest.lst >&5
ar: conftest.o: No such file or directory
configure:7091: $? = 1
configure:7103: result: @
configure:7166: checking for strip
configure:7187: found /usr/bin/strip
configure:7198: result: strip
configure:7275: checking for ranlib
configure:7296: found /usr/bin/ranlib
configure:7307: result: ranlib
configure:7409: checking command to parse /usr/bin/nm -B output from gcc object
configure:7563: gcc -c -g -O2  conftest.c >&5
configure:7566: $? = 0
configure:7570: /usr/bin/nm -B conftest.o | sed -n -e 's/^.*[	 ]\([ABCDGIRSTW][ABCDGIRSTW]*\)[	 ][	 ]*\([_A-Za-z][_A-Za-z0-9]*\)$/\1 \2 \2/p' | sed '/ __gnu_lto/d' > conftest.nm
configure:7636: gcc -o conftest -g -O2   conftest.c conftstm.o >&5
configure:7639: $? = 0
configure:7677: result: ok
configure:7724: checking for sysroot
configure:7755: result: no
configure:7762: checking for a working dd
configure:7806: result: /usr/bin/dd
configure:7810: checking how to truncate binary pipes
configure:7826: result: /usr/bin/dd bs=4096 count=1
configure:7963: gcc -c -g -O2  conftest.c >&5
configure:7966: $? = 0
configure:8163: checking for mt
configure:8198: result: no
configure:8218: checking if : is a manifest tool
configure:8225: : '-?'
configure:8233: result: no
configure:8963: checking for stdio.h
configure:8963: gcc -c -g -O2  conftest.c >&5
configure:8963: $? = 0
configure:8963: result: yes
configure:8963: checking for stdlib.h
configure:8963: gcc -c -g -O2  conftest.c >&5
configure:8963: $? = 0
configure:8963: result: yes
configure:8963: checking for string.h
configure:8963: gcc -c -g -O2  conftest.c >&5
configure:8963: $? = 0
configure:8963: result: yes
configure:8963: checking for inttypes.h
configure:8963: gcc -c -g -O2  conftest.c >&5
configure:8963: $? = 0
configure:8963: result: yes
configure:8963: checking for stdint.h
configure:8963: gcc -c -g -O2  conftest.c >&5
configure:8963: $? = 0
configure:8963: result: yes
configure:8963: checking for strings.h
configure:8963: gcc -c -g -O2  conftest.c >&5
configure:8963: $? = 0
configure:8963: result: yes
configure:8963: checking for sys/stat.h
configure:8963: gcc -c -g -O2  conftest.c >&5
configure:8963: $? = 0
configure:8963: result: yes
configure:8963: checking for sys/types.h
configure:8963: gcc -c -g -O2  conftest.c >&5
configure:8963: $? = 0
configure:8963: result: yes
configure:8963: checking for unistd.h
configure:8963: gcc -c -g -O2  conftest.c >&5
configure:8963: $? = 0
configure:8963: result: yes
configure:8988: checking for dlfcn.h
configure:8988: gcc -c -g -O2  conftest.c >&5
configure:8988: $? = 0
configure:8988: result: yes
configure:9258: checking for objdir
configure:9274: result: .libs
configure:9538: checking if gcc supports -fno-rtti -fno-exceptions
configure:9557: gcc -c -g -O2  -fno-rtti -fno-exceptions conftest.c >&5
cc1: warning: command-line option '-fno-rtti' is valid for C++/D/ObjC++ but not for C
configure:9561: $? = 0
configure:9574: result: no
configure:9938: checking for gcc option to produce PIC
configure:9946: result: -fPIC -DPIC
configure:9954: checking if gcc PIC flag -fPIC -DPIC works
configure:9973: gcc -c -g -O2  -fPIC -DPIC -DPIC conftest.c >&5
configure:9977: $? = 0
configure:9990: result: yes
configure:10019: checking if gcc static flag -static works
configure:10048: result: yes
configure:10063: checking if gcc supports -c -o file.o
configure:10085: gcc -c -g -O2  -o out/conftest2.o conftest.c >&5
configure:10089: $? = 0
configure:10111: result: yes
configure:10119: checking if gcc supports -c -o file.o
configure:10167: result: yes
configure:10200: checking whether the gcc linker (/usr/bin/ld -m elf_x86_64) supports shared libraries
configure:11470: result: yes
configure:11507: checking whether -lc should be explicitly linked in
configure:11516: gcc -c -g -O2  conftest.c >&5
configure:11519: $? = 0
configure:11534: gcc -shared  -fPIC -DPIC conftest.o  -v -Wl,-soname -Wl,conftest -o conftest 2\>\&1 \| /usr/bin/grep  -lc  \>/dev/null 2\>\&1
configure:11537: $? = 0
configure:11551: result: no
configure:11711: checking dynamic linker characteristics
configure:12293: gcc -o conftest -g -O2   -Wl,-rpath -Wl,/foo conftest.c  >&5
configure:12293: $? = 0
configure:12544: result: GNU/Linux ld.so
configure:12666: checking how to hardcode library paths into programs
configure:12691: result: immediate
configure:13243: checking whether stripping libraries is possible
configure:13248: result: yes
configure:13283: checking if libtool supports shared libraries
configure:13285: result: yes
configure:13288: checking whether to build shared libraries
configure:13313: result: yes
configure:13316: checking whether to build static libraries
configure:13320: result: yes
configure:13343: checking how to run the C++ preprocessor
configure:13365: g++ -E  conftest.cpp
configure:13365: $? = 0
configure:13380: g++ -E  conftest.cpp
conftest.cpp:23:10: fatal error: ac_nonexistent.h: No such file or directory
   23 | #include <ac_nonexistent.h>
      |          ^~~~~~~~~~~~~~~~~~
compilation terminated.
configure:13380: $? = 1
configure: failed program was:
| /* confdefs.h */
| #define PACKAGE_NAME "audiowmark"
| #define PACKAGE_TARNAME "audiowmark"
| #define PACKAGE_VERSION "0.6.1"
| #define PACKAGE_STRING "audiowmark 0.6.1"
| #define PACKAGE_BUGREPORT ""
| #define PACKAGE_URL ""
| #define PACKAGE "audiowmark"
| #define VERSION "0.6.1"
| #define HAVE_STDIO_H 1
| #define HAVE_STDLIB_H 1
| #define HAVE_STRING_H 1
| #define HAVE_INTTYPES_H 1
| #define HAVE_STDINT_H 1
| #define HAVE_STRINGS_H 1
| #define HAVE_SYS_STAT_H 1
| #define HAVE_SYS_TYPES_H 1
| #define HAVE_UNISTD_H 1
| #define STDC_HEADERS 1
| #define HAVE_DLFCN_H 1
| #define LT_OBJDIR ".libs/"
| /* end confdefs.h.  */
| #include <ac_nonexistent.h>
configure:13407: result: g++ -E
configure:13421: g++ -E  conftest.cpp
configure:13421: $? = 0
configure:13436: g++ -E  conftest.cpp
conftest.cpp:23:10: fatal error: ac_nonexistent.h: No such file or directory
   23 | #include <ac_nonexistent.h>
      |          ^~~~~~~~~~~~~~~~~~
compilation terminated.
configure:13436: $? = 1
configure: failed program was:
| /* confdefs.h */
| #define PACKAGE_NAME "audiowmark"
| #define PACKAGE_TARNAME "audiowmark"
| #define PACKAGE_VERSION "0.6.1"
| #define PACKAGE_STRING "audiowmark 0.6.1"
| #define PACKAGE_BUGREPORT ""
| #define PACKAGE_URL ""
| #define PACKAGE "audiowmark"
| #define VERSION "0.6.1"
| #define HAVE_STDIO_H 1
| #define HAVE_STDLIB_H 1
| #define HAVE_STRING_H 1
| #define HAVE_INTTYPES_H 1
| #define HAVE_STDINT_H 1
| #define HAVE_STRINGS_H 1
| #define HAVE_SYS_STAT_H 1
| #define HAVE_SYS_TYPES_H 1
| #define HAVE_UNISTD_H 1
| #define STDC_HEADERS 1
| #define HAVE_DLFCN_H 1
| #define LT_OBJDIR ".libs/"
| /* end confdefs.h.  */
| #include <ac_nonexistent.h>
configure:13601: checking for ld used by g++
configure:13669: result: /usr/bin/ld -m elf_x86_64
configure:13676: checking if the linker (/usr/bin/ld -m elf_x86_64) is GNU ld
configure:13692: result: yes
configure:13747: checking whether the g++ linker (/usr/bin/ld -m elf_x86_64) supports shared libraries
configure:14824: result: yes
configure:14860: g++ -c -g -O2  conftest.cpp >&5
configure:14863: $? = 0
configure:15344: checking for g++ option to produce PIC
configure:15352: result: -fPIC -DPIC
configure:15360: checking if g++ PIC flag -fPIC -DPIC works
configure:15379: g++ -c -g -O2  -fPIC -DPIC -DPIC conftest.cpp >&5
configure:15383: $? = 0
configure:15396: result: yes
configure:15419: checking if g++ static flag -static works
configure:15448: result: yes
configure:15460: checking if g++ supports -c -o file.o
configure:15482: g++ -c -g -O2  -o out/conftest2.o conftest.cpp >&5
configure:15486: $? = 0
configure:15508: result: yes
configure:15513: checking if g++ supports -c -o file.o
configure:15561: result: yes
configure:15591: checking whether the g++ linker (/usr/bin/ld -m elf_x86_64) supports shared libraries
configure:15634: result: yes
configure:15776: checking dynamic linker characteristics
configure:16536: result: GNU/Linux ld.so
configure:16601: checking how to hardcode library paths into programs
configure:16626: result: immediate
configure:16757: checking for pkg-config
configure:16780: found /usr/bin/pkg-config
configure:16792: result: /usr/bin/pkg-config
configure:16817: checking pkg-config is at least version 0.9.0
configure:16820: result: yes
configure:16831: checking for sndfile
configure:16838: $PKG_CONFIG --exists --print-errors "sndfile"
configure:16841: $? = 0
configure:16855: $PKG_CONFIG --exists --print-errors "sndfile"
configure:16858: $? = 0
configure:16916: result: yes
configure:16926: checking for libmpg123
configure:16933: $PKG_CONFIG --exists --print-errors "libmpg123"
configure:16936: $? = 0
configure:16950: $PKG_CONFIG --exists --print-errors "libmpg123"
configure:16953: $? = 0
configure:17011: result: yes
configure:17019: checking for _Z28zita_resampler_major_versionv in -lzita-resampler
configure:17042: gcc -o conftest -g -O2   conftest.c -lzita-resampler   >&5
configure:17042: $? = 0
configure:17052: result: yes
configure:17071: checking for fftw3f
configure:17078: $PKG_CONFIG --exists --print-errors "fftw3f"
configure:17081: $? = 0
configure:17095: $PKG_CONFIG --exists --print-errors "fftw3f"
configure:17098: $? = 0
configure:17156: result: yes
configure:17165: checking whether FFTW is recent enough
configure:17176: gcc -c -g -O2 -I/home/ykuta/project/wm_prebuilt/include    conftest.c >&5
configure:17176: $? = 0
configure:17179: result: yes
configure:17239: checking for libgcrypt-config
configure:17275: result: /home/ykuta/project/wm_prebuilt/bin/libgcrypt-config
configure:17294: checking for LIBGCRYPT - version >= 1.2.0
configure:17332: result: yes (1.10.1)
configure:17348: checking LIBGCRYPT API version
configure:17351: result: okay
configure:17603: checking whether g++ supports C++14 features with -std=gnu++14
configure:18022: g++ -std=gnu++14 -c -g -O2  conftest.cpp >&5
configure:18022: $? = 0
configure:18032: result: yes
configure:18077: checking whether C++ compiler accepts -Wall
configure:18097: g++ -std=gnu++14 -c -g -O2  -Wall  conftest.cpp >&5
configure:18097: $? = 0
configure:18106: result: yes
configure:18115: checking whether C++ compiler accepts -pthread
configure:18135: g++ -std=gnu++14 -c -g -O2 -Wall  -pthread  conftest.cpp >&5
configure:18135: $? = 0
configure:18144: result: yes
configure:18173: checking whether make supports nested variables
configure:18191: result: yes
configure:18314: checking that generated files are newer than configure
configure:18320: result: done
configure:18351: creating ./config.status

## ---------------------- ##
## Running config.status. ##
## ---------------------- ##

This file was extended by audiowmark config.status 0.6.1, which was
generated by GNU Autoconf 2.71.  Invocation command line was

  CONFIG_FILES    = 
  CONFIG_HEADERS  = 
  CONFIG_LINKS    = 
  CONFIG_COMMANDS = 
  $ ./config.status 

on localhost.localdomain

config.status:1166: creating Makefile
config.status:1166: creating src/Makefile
config.status:1166: creating tests/Makefile
config.status:1166: creating tests/test-common.sh
config.status:1166: creating config.h
config.status:1347: config.h is unchanged
config.status:1395: executing depfiles commands
config.status:1472: cd src       && sed -e '/# am--include-marker/d' Makefile         | make -f - am--depfiles
make: Nothing to be done for `am--depfiles'.
config.status:1477: $? = 0
config.status:1395: executing libtool commands

## ---------------- ##
## Cache variables. ##
## ---------------- ##

ac_cv_build=x86_64-pc-linux-gnu
ac_cv_c_compiler_gnu=yes
ac_cv_cxx_compiler_gnu=yes
ac_cv_env_CCC_set=
ac_cv_env_CCC_value=
ac_cv_env_CC_set=
ac_cv_env_CC_value=
ac_cv_env_CFLAGS_set=
ac_cv_env_CFLAGS_value=
ac_cv_env_CPPFLAGS_set=
ac_cv_env_CPPFLAGS_value=
ac_cv_env_CXXCPP_set=
ac_cv_env_CXXCPP_value=
ac_cv_env_CXXFLAGS_set=
ac_cv_env_CXXFLAGS_value=
ac_cv_env_CXX_set=
ac_cv_env_CXX_value=
ac_cv_env_FFMPEG_CFLAGS_set=
ac_cv_env_FFMPEG_CFLAGS_value=
ac_cv_env_FFMPEG_LIBS_set=
ac_cv_env_FFMPEG_LIBS_value=
ac_cv_env_FFTW_CFLAGS_set=
ac_cv_env_FFTW_CFLAGS_value=
ac_cv_env_FFTW_LIBS_set=
ac_cv_env_FFTW_LIBS_value=
ac_cv_env_LDFLAGS_set=
ac_cv_env_LDFLAGS_value=
ac_cv_env_LIBMPG123_CFLAGS_set=
ac_cv_env_LIBMPG123_CFLAGS_value=
ac_cv_env_LIBMPG123_LIBS_set=
ac_cv_env_LIBMPG123_LIBS_value=
ac_cv_env_LIBS_set=
ac_cv_env_LIBS_value=
ac_cv_env_LT_SYS_LIBRARY_PATH_set=
ac_cv_env_LT_SYS_LIBRARY_PATH_value=
ac_cv_env_PKG_CONFIG_LIBDIR_set=
ac_cv_env_PKG_CONFIG_LIBDIR_value=
ac_cv_env_PKG_CONFIG_PATH_set=set
ac_cv_env_PKG_CONFIG_PATH_value=/home/ykuta/project/wm_prebuilt/lib/pkgconfig
ac_cv_env_PKG_CONFIG_set=
ac_cv_env_PKG_CONFIG_value=
ac_cv_env_SNDFILE_CFLAGS_set=
ac_cv_env_SNDFILE_CFLAGS_value=
ac_cv_env_SNDFILE_LIBS_set=
ac_cv_env_SNDFILE_LIBS_value=
ac_cv_env_build_alias_set=
ac_cv_env_build_alias_value=
ac_cv_env_host_alias_set=
ac_cv_env_host_alias_value=
ac_cv_env_target_alias_set=
ac_cv_env_target_alias_value=
ac_cv_header_dlfcn_h=yes
ac_cv_header_inttypes_h=yes
ac_cv_header_stdint_h=yes
ac_cv_header_stdio_h=yes
ac_cv_header_stdlib_h=yes
ac_cv_header_string_h=yes
ac_cv_header_strings_h=yes
ac_cv_header_sys_stat_h=yes
ac_cv_header_sys_types_h=yes
ac_cv_header_unistd_h=yes
ac_cv_host=x86_64-pc-linux-gnu
ac_cv_lib_zita_resampler__Z28zita_resampler_major_versionv=yes
ac_cv_objext=o
ac_cv_path_EGREP='/usr/bin/grep -E'
ac_cv_path_FGREP='/usr/bin/grep -F'
ac_cv_path_GREP=/usr/bin/grep
ac_cv_path_LIBGCRYPT_CONFIG=/home/ykuta/project/wm_prebuilt/bin/libgcrypt-config
ac_cv_path_SED=/usr/bin/sed
ac_cv_path_ac_pt_PKG_CONFIG=/usr/bin/pkg-config
ac_cv_path_install='/usr/bin/install -c'
ac_cv_path_lt_DD=/usr/bin/dd
ac_cv_path_mkdir=/usr/bin/mkdir
ac_cv_prog_AWK=gawk
ac_cv_prog_CXXCPP='g++ -E'
ac_cv_prog_ac_ct_AR=ar
ac_cv_prog_ac_ct_CC=gcc
ac_cv_prog_ac_ct_CXX=g++
ac_cv_prog_ac_ct_OBJDUMP=objdump
ac_cv_prog_ac_ct_RANLIB=ranlib
ac_cv_prog_ac_ct_STRIP=strip
ac_cv_prog_cc_c11=
ac_cv_prog_cc_g=yes
ac_cv_prog_cc_stdc=
ac_cv_prog_cxx_11=no
ac_cv_prog_cxx_cxx11=
ac_cv_prog_cxx_g=yes
ac_cv_prog_cxx_stdcxx=
ac_cv_prog_make_make_set=yes
am_cv_CC_dependencies_compiler_type=gcc3
am_cv_CXX_dependencies_compiler_type=gcc3
am_cv_make_support_nested_variables=yes
am_cv_prog_cc_c_o=yes
ax_cv_check_cxxflags___Wall=yes
ax_cv_check_cxxflags___pthread=yes
ax_cv_cxx_compile_cxx14__std_gnupp14=yes
lt_cv_ar_at_file=@
lt_cv_archive_cmds_need_lc=no
lt_cv_deplibs_check_method=pass_all
lt_cv_file_magic_cmd='$MAGIC_CMD'
lt_cv_file_magic_test_file=
lt_cv_ld_reload_flag=-r
lt_cv_nm_interface='BSD nm'
lt_cv_objdir=.libs
lt_cv_path_LD=/usr/bin/ld
lt_cv_path_LDCXX='/usr/bin/ld -m elf_x86_64'
lt_cv_path_NM='/usr/bin/nm -B'
lt_cv_path_mainfest_tool=no
lt_cv_prog_compiler_c_o=yes
lt_cv_prog_compiler_c_o_CXX=yes
lt_cv_prog_compiler_pic='-fPIC -DPIC'
lt_cv_prog_compiler_pic_CXX='-fPIC -DPIC'
lt_cv_prog_compiler_pic_works=yes
lt_cv_prog_compiler_pic_works_CXX=yes
lt_cv_prog_compiler_rtti_exceptions=no
lt_cv_prog_compiler_static_works=yes
lt_cv_prog_compiler_static_works_CXX=yes
lt_cv_prog_gnu_ld=yes
lt_cv_prog_gnu_ldcxx=yes
lt_cv_sharedlib_from_linklib_cmd='printf %s\n'
lt_cv_shlibpath_overrides_runpath=no
lt_cv_sys_global_symbol_pipe='sed -n -e '\''s/^.*[	 ]\([ABCDGIRSTW][ABCDGIRSTW]*\)[	 ][	 ]*\([_A-Za-z][_A-Za-z0-9]*\)$/\1 \2 \2/p'\'' | sed '\''/ __gnu_lto/d'\'''
lt_cv_sys_global_symbol_to_c_name_address='sed -n -e '\''s/^: \(.*\) .*$/  {"\1", (void *) 0},/p'\'' -e '\''s/^[ABCDGIRSTW][ABCDGIRSTW]* .* \(.*\)$/  {"\1", (void *) \&\1},/p'\'''
lt_cv_sys_global_symbol_to_c_name_address_lib_prefix='sed -n -e '\''s/^: \(.*\) .*$/  {"\1", (void *) 0},/p'\'' -e '\''s/^[ABCDGIRSTW][ABCDGIRSTW]* .* \(lib.*\)$/  {"\1", (void *) \&\1},/p'\'' -e '\''s/^[ABCDGIRSTW][ABCDGIRSTW]* .* \(.*\)$/  {"lib\1", (void *) \&\1},/p'\'''
lt_cv_sys_global_symbol_to_cdecl='sed -n -e '\''s/^T .* \(.*\)$/extern int \1();/p'\'' -e '\''s/^[ABCDGIRSTW][ABCDGIRSTW]* .* \(.*\)$/extern char \1;/p'\'''
lt_cv_sys_global_symbol_to_import=
lt_cv_sys_max_cmd_len=1572864
lt_cv_to_host_file_cmd=func_convert_file_noop
lt_cv_to_tool_file_cmd=func_convert_file_noop
lt_cv_truncate_bin='/usr/bin/dd bs=4096 count=1'
pkg_cv_FFTW_CFLAGS='-I/home/ykuta/project/wm_prebuilt/include  '
pkg_cv_FFTW_LIBS='-L/home/ykuta/project/wm_prebuilt/lib -lfftw3f  '
pkg_cv_LIBMPG123_CFLAGS='-I/home/ykuta/project/wm_prebuilt/include  '
pkg_cv_LIBMPG123_LIBS='-L/home/ykuta/project/wm_prebuilt/lib -lmpg123  '
pkg_cv_SNDFILE_CFLAGS='-I/home/ykuta/project/wm_prebuilt/include  '
pkg_cv_SNDFILE_LIBS='-L/home/ykuta/project/wm_prebuilt/lib -lsndfile  '

## ----------------- ##
## Output variables. ##
## ----------------- ##

ACLOCAL='${SHELL} '\''/home/ykuta/project/audiowmark-0.6.1/build-aux/missing'\'' aclocal-1.16'
AMDEPBACKSLASH='\'
AMDEP_FALSE='#'
AMDEP_TRUE=''
AMTAR='$${TAR-tar}'
AM_BACKSLASH='\'
AM_DEFAULT_V='$(AM_DEFAULT_VERBOSITY)'
AM_DEFAULT_VERBOSITY='0'
AM_V='$(V)'
AR='ar'
AUTOCONF='${SHELL} '\''/home/ykuta/project/audiowmark-0.6.1/build-aux/missing'\'' autoconf'
AUTOHEADER='${SHELL} '\''/home/ykuta/project/audiowmark-0.6.1/build-aux/missing'\'' autoheader'
AUTOMAKE='${SHELL} '\''/home/ykuta/project/audiowmark-0.6.1/build-aux/missing'\'' automake-1.16'
AWK='gawk'
CC='gcc'
CCDEPMODE='depmode=gcc3'
CFLAGS='-g -O2'
COND_WITH_FFMPEG_FALSE=''
COND_WITH_FFMPEG_TRUE='#'
CPPFLAGS=''
CSCOPE='cscope'
CTAGS='ctags'
CXX='g++ -std=gnu++14'
CXXCPP='g++ -E -std=gnu++14'
CXXDEPMODE='depmode=gcc3'
CXXFLAGS='-g -O2 -Wall -pthread'
CYGPATH_W='echo'
DEFS='-DHAVE_CONFIG_H'
DEPDIR='.deps'
DLLTOOL='false'
DSYMUTIL=''
DUMPBIN=''
ECHO_C=''
ECHO_N='-n'
ECHO_T=''
EGREP='/usr/bin/grep -E'
ETAGS='etags'
EXEEXT=''
FFMPEG_CFLAGS=''
FFMPEG_LIBS=''
FFTW_CFLAGS='-I/home/ykuta/project/wm_prebuilt/include  '
FFTW_LIBS='-L/home/ykuta/project/wm_prebuilt/lib -lfftw3f  '
FGREP='/usr/bin/grep -F'
GREP='/usr/bin/grep'
HAVE_CXX14='1'
INSTALL_DATA='${INSTALL} -m 644'
INSTALL_PROGRAM='${INSTALL}'
INSTALL_SCRIPT='${INSTALL}'
INSTALL_STRIP_PROGRAM='$(install_sh) -c -s'
LD='/usr/bin/ld -m elf_x86_64'
LDFLAGS=''
LIBGCRYPT_CFLAGS='-I/home/ykuta/project/wm_prebuilt/include'
LIBGCRYPT_CONFIG='/home/ykuta/project/wm_prebuilt/bin/libgcrypt-config'
LIBGCRYPT_LIBS='-L/home/ykuta/project/wm_prebuilt/lib -lgcrypt -lgpg-error'
LIBMPG123_CFLAGS='-I/home/ykuta/project/wm_prebuilt/include  '
LIBMPG123_LIBS='-L/home/ykuta/project/wm_prebuilt/lib -lmpg123  '
LIBOBJS=''
LIBS='-lzita-resampler '
LIBTOOL='$(SHELL) $(top_builddir)/libtool'
LIPO=''
LN_S='ln -s'
LTLIBOBJS=''
LT_SYS_LIBRARY_PATH=''
MAKEINFO='${SHELL} '\''/home/ykuta/project/audiowmark-0.6.1/build-aux/missing'\'' makeinfo'
MANIFEST_TOOL=':'
MKDIR_P='/usr/bin/mkdir -p'
NM='/usr/bin/nm -B'
NMEDIT=''
OBJDUMP='objdump'
OBJEXT='o'
OTOOL64=''
OTOOL=''
PACKAGE='audiowmark'
PACKAGE_BUGREPORT=''
PACKAGE_NAME='audiowmark'
PACKAGE_STRING='audiowmark 0.6.1'
PACKAGE_TARNAME='audiowmark'
PACKAGE_URL=''
PACKAGE_VERSION='0.6.1'
PATH_SEPARATOR=':'
PKG_CONFIG='/usr/bin/pkg-config'
PKG_CONFIG_LIBDIR=''
PKG_CONFIG_PATH='/home/ykuta/project/wm_prebuilt/lib/pkgconfig'
RANLIB='ranlib'
SED='/usr/bin/sed'
SET_MAKE=''
SHELL='/bin/sh'
SNDFILE_CFLAGS='-I/home/ykuta/project/wm_prebuilt/include  '
SNDFILE_LIBS='-L/home/ykuta/project/wm_prebuilt/lib -lsndfile  '
STRIP='strip'
VERSION='0.6.1'
ac_ct_AR='ar'
ac_ct_CC='gcc'
ac_ct_CXX='g++'
ac_ct_DUMPBIN=''
am__EXEEXT_FALSE=''
am__EXEEXT_TRUE='#'
am__fastdepCC_FALSE='#'
am__fastdepCC_TRUE=''
am__fastdepCXX_FALSE='#'
am__fastdepCXX_TRUE=''
am__include='include'
am__isrc=''
am__leading_dot='.'
am__nodep='_no'
am__quote=''
am__tar='$${TAR-tar} chof - "$$tardir"'
am__untar='$${TAR-tar} xf -'
bindir='${exec_prefix}/bin'
build='x86_64-pc-linux-gnu'
build_alias=''
build_cpu='x86_64'
build_os='linux-gnu'
build_vendor='pc'
datadir='${datarootdir}'
datarootdir='${prefix}/share'
docdir='${datarootdir}/doc/${PACKAGE_TARNAME}'
dvidir='${docdir}'
exec_prefix='${prefix}'
host='x86_64-pc-linux-gnu'
host_alias=''
host_cpu='x86_64'
host_os='linux-gnu'
host_vendor='pc'
htmldir='${docdir}'
includedir='${prefix}/include'
infodir='${datarootdir}/info'
install_sh='${SHELL} /home/ykuta/project/audiowmark-0.6.1/build-aux/install-sh'
libdir='${exec_prefix}/lib'
libexecdir='${exec_prefix}/libexec'
localedir='${datarootdir}/locale'
localstatedir='${prefix}/var'
mandir='${datarootdir}/man'
mkdir_p='$(MKDIR_P)'
oldincludedir='/usr/include'
pdfdir='${docdir}'
prefix='/usr/local'
program_transform_name='s,x,x,'
psdir='${docdir}'
runstatedir='${localstatedir}/run'
sbindir='${exec_prefix}/sbin'
sharedstatedir='${prefix}/com'
sysconfdir='${prefix}/etc'
target_alias=''

## ----------- ##
## confdefs.h. ##
## ----------- ##

/* confdefs.h */
#define PACKAGE_NAME "audiowmark"
#define PACKAGE_TARNAME "audiowmark"
#define PACKAGE_VERSION "0.6.1"
#define PACKAGE_STRING "audiowmark 0.6.1"
#define PACKAGE_BUGREPORT ""
#define PACKAGE_URL ""
#define PACKAGE "audiowmark"
#define VERSION "0.6.1"
#define HAVE_STDIO_H 1
#define HAVE_STDLIB_H 1
#define HAVE_STRING_H 1
#define HAVE_INTTYPES_H 1
#define HAVE_STDINT_H 1
#define HAVE_STRINGS_H 1
#define HAVE_SYS_STAT_H 1
#define HAVE_SYS_TYPES_H 1
#define HAVE_UNISTD_H 1
#define STDC_HEADERS 1
#define HAVE_DLFCN_H 1
#define LT_OBJDIR ".libs/"
#define HAVE_LIBZITA_RESAMPLER 1
#define SPECTMORPH_HAVE_FFTW 1
#define HAVE_FFMPEG 0
#define HAVE_CXX14 1

configure: exit 0
